<?xml version="1.0" encoding="UTF-8"?>
<!-- Generated by org.testng.reporters.JUnitXMLReporter -->
<testsuite hostname="priya-PC" ignored="0" name="Default test" tests="4" failures="0" timestamp="20 Jan 2018 15:11:10 GMT" time="119.873" errors="0">
  <testcase name="register" time="14.309" classname="dataDrivenFrameworkPart1.DataProviderInDDFramework"/>
  <testcase name="register" time="6.694" classname="dataDrivenFrameworkPart1.DataProviderInDDFramework"/>
  <testcase name="register" time="5.9" classname="dataDrivenFrameworkPart1.DataProviderInDDFramework"/>
  <testcase name="register" time="5.771" classname="dataDrivenFrameworkPart1.DataProviderInDDFramework"/>
</testsuite> <!-- Default test -->
